2019-12-02 16:00:43,829 [Worker-6: Loading available Gradle versions] INFO  c.g.t.t.d.PublishedGradleVersions - Gradle version information cache is up-to-date. Trying to read.
2019-12-02 16:00:48,412 [Worker-3: Updating indexes] INFO  o.e.m.c.i.i.nexus.NexusIndexManager - Updating index for repository: central|https://repo.maven.apache.org/maven2
2019-12-02 16:00:48,681 [Worker-0: Importing MyEclipse dependencies to Local Maven Repository] INFO  o.e.m.c.i.e.AbstractTransferListenerAdapter - Downloaded https://repo.maven.apache.org/maven2/org/icefaces/icefaces/1.8.0/icefaces-1.8.0.jar
2019-12-02 16:00:49,506 [Worker-0: Importing MyEclipse dependencies to Local Maven Repository] INFO  o.e.m.c.i.e.AbstractTransferListenerAdapter - Downloading https://repo.maven.apache.org/maven2/org/apache/maven/plugins/maven-clean-plugin/2.5/maven-clean-plugin-2.5.pom
2019-12-02 16:00:49,900 [Worker-0: Importing MyEclipse dependencies to Local Maven Repository] INFO  o.e.m.c.i.e.AbstractTransferListenerAdapter - Downloaded https://repo.maven.apache.org/maven2/org/apache/maven/plugins/maven-clean-plugin/2.5/maven-clean-plugin-2.5.pom
2019-12-02 16:00:50,081 [Worker-0: Importing MyEclipse dependencies to Local Maven Repository] INFO  o.e.m.c.i.e.AbstractTransferListenerAdapter - Downloading https://repo.maven.apache.org/maven2/org/apache/maven/plugins/maven-plugins/22/maven-plugins-22.pom
2019-12-02 16:00:50,251 [Worker-0: Importing MyEclipse dependencies to Local Maven Repository] INFO  o.e.m.c.i.e.AbstractTransferListenerAdapter - Downloaded https://repo.maven.apache.org/maven2/org/apache/maven/plugins/maven-plugins/22/maven-plugins-22.pom
2019-12-02 16:00:50,425 [Worker-0: Importing MyEclipse dependencies to Local Maven Repository] INFO  o.e.m.c.i.e.AbstractTransferListenerAdapter - Downloading https://repo.maven.apache.org/maven2/org/apache/maven/maven-parent/21/maven-parent-21.pom
2019-12-02 16:00:50,597 [Worker-0: Importing MyEclipse dependencies to Local Maven Repository] INFO  o.e.m.c.i.e.AbstractTransferListenerAdapter - Downloaded https://repo.maven.apache.org/maven2/org/apache/maven/maven-parent/21/maven-parent-21.pom
2019-12-02 16:00:50,773 [Worker-0: Importing MyEclipse dependencies to Local Maven Repository] INFO  o.e.m.c.i.e.AbstractTransferListenerAdapter - Downloading https://repo.maven.apache.org/maven2/org/apache/apache/10/apache-10.pom
2019-12-02 16:00:50,942 [Worker-0: Importing MyEclipse dependencies to Local Maven Repository] INFO  o.e.m.c.i.e.AbstractTransferListenerAdapter - Downloaded https://repo.maven.apache.org/maven2/org/apache/apache/10/apache-10.pom
2019-12-02 16:00:51,125 [Worker-0: Importing MyEclipse dependencies to Local Maven Repository] INFO  o.e.m.c.i.e.AbstractTransferListenerAdapter - Downloading https://repo.maven.apache.org/maven2/org/apache/maven/plugins/maven-clean-plugin/2.5/maven-clean-plugin-2.5.jar
2019-12-02 16:00:51,323 [Worker-0: Importing MyEclipse dependencies to Local Maven Repository] INFO  o.e.m.c.i.e.AbstractTransferListenerAdapter - Downloaded https://repo.maven.apache.org/maven2/org/apache/maven/plugins/maven-clean-plugin/2.5/maven-clean-plugin-2.5.jar
2019-12-02 16:00:51,551 [Worker-0: Importing MyEclipse dependencies to Local Maven Repository] INFO  o.e.m.c.i.e.AbstractTransferListenerAdapter - Downloading https://repo.maven.apache.org/maven2/org/apache/maven/plugins/maven-install-plugin/2.4/maven-install-plugin-2.4.pom
2019-12-02 16:00:51,726 [Worker-0: Importing MyEclipse dependencies to Local Maven Repository] INFO  o.e.m.c.i.e.AbstractTransferListenerAdapter - Downloaded https://repo.maven.apache.org/maven2/org/apache/maven/plugins/maven-install-plugin/2.4/maven-install-plugin-2.4.pom
2019-12-02 16:00:51,893 [Worker-0: Importing MyEclipse dependencies to Local Maven Repository] INFO  o.e.m.c.i.e.AbstractTransferListenerAdapter - Downloading https://repo.maven.apache.org/maven2/org/apache/maven/plugins/maven-plugins/23/maven-plugins-23.pom
2019-12-02 16:00:52,061 [Worker-0: Importing MyEclipse dependencies to Local Maven Repository] INFO  o.e.m.c.i.e.AbstractTransferListenerAdapter - Downloaded https://repo.maven.apache.org/maven2/org/apache/maven/plugins/maven-plugins/23/maven-plugins-23.pom
2019-12-02 16:00:52,590 [Worker-0: Importing MyEclipse dependencies to Local Maven Repository] INFO  o.e.m.c.i.e.AbstractTransferListenerAdapter - Downloading https://repo.maven.apache.org/maven2/org/apache/maven/plugins/maven-install-plugin/2.4/maven-install-plugin-2.4.jar
2019-12-02 16:00:52,759 [Worker-0: Importing MyEclipse dependencies to Local Maven Repository] INFO  o.e.m.c.i.e.AbstractTransferListenerAdapter - Downloaded https://repo.maven.apache.org/maven2/org/apache/maven/plugins/maven-install-plugin/2.4/maven-install-plugin-2.4.jar
2019-12-02 16:00:52,968 [Worker-0: Importing MyEclipse dependencies to Local Maven Repository] INFO  o.e.m.c.i.e.AbstractTransferListenerAdapter - Downloading https://repo.maven.apache.org/maven2/org/apache/maven/maven-plugin-api/2.0.6/maven-plugin-api-2.0.6.pom
2019-12-02 16:00:53,136 [Worker-0: Importing MyEclipse dependencies to Local Maven Repository] INFO  o.e.m.c.i.e.AbstractTransferListenerAdapter - Downloaded https://repo.maven.apache.org/maven2/org/apache/maven/maven-plugin-api/2.0.6/maven-plugin-api-2.0.6.pom
2019-12-02 16:00:53,305 [Worker-0: Importing MyEclipse dependencies to Local Maven Repository] INFO  o.e.m.c.i.e.AbstractTransferListenerAdapter - Downloading https://repo.maven.apache.org/maven2/org/apache/maven/maven/2.0.6/maven-2.0.6.pom
2019-12-02 16:00:53,483 [Worker-0: Importing MyEclipse dependencies to Local Maven Repository] INFO  o.e.m.c.i.e.AbstractTransferListenerAdapter - Downloaded https://repo.maven.apache.org/maven2/org/apache/maven/maven/2.0.6/maven-2.0.6.pom
2019-12-02 16:00:53,664 [Worker-0: Importing MyEclipse dependencies to Local Maven Repository] INFO  o.e.m.c.i.e.AbstractTransferListenerAdapter - Downloading https://repo.maven.apache.org/maven2/org/apache/maven/maven-parent/5/maven-parent-5.pom
2019-12-02 16:00:53,843 [Worker-0: Importing MyEclipse dependencies to Local Maven Repository] INFO  o.e.m.c.i.e.AbstractTransferListenerAdapter - Downloaded https://repo.maven.apache.org/maven2/org/apache/maven/maven-parent/5/maven-parent-5.pom
2019-12-02 16:00:54,181 [Worker-0: Importing MyEclipse dependencies to Local Maven Repository] INFO  o.e.m.c.i.e.AbstractTransferListenerAdapter - Downloading https://repo.maven.apache.org/maven2/org/apache/maven/maven-project/2.0.6/maven-project-2.0.6.pom
2019-12-02 16:00:54,351 [Worker-0: Importing MyEclipse dependencies to Local Maven Repository] INFO  o.e.m.c.i.e.AbstractTransferListenerAdapter - Downloaded https://repo.maven.apache.org/maven2/org/apache/maven/maven-project/2.0.6/maven-project-2.0.6.pom
2019-12-02 16:00:54,522 [Worker-0: Importing MyEclipse dependencies to Local Maven Repository] INFO  o.e.m.c.i.e.AbstractTransferListenerAdapter - Downloading https://repo.maven.apache.org/maven2/org/apache/maven/maven-settings/2.0.6/maven-settings-2.0.6.pom
2019-12-02 16:00:54,691 [Worker-0: Importing MyEclipse dependencies to Local Maven Repository] INFO  o.e.m.c.i.e.AbstractTransferListenerAdapter - Downloaded https://repo.maven.apache.org/maven2/org/apache/maven/maven-settings/2.0.6/maven-settings-2.0.6.pom
2019-12-02 16:00:54,859 [Worker-0: Importing MyEclipse dependencies to Local Maven Repository] INFO  o.e.m.c.i.e.AbstractTransferListenerAdapter - Downloading https://repo.maven.apache.org/maven2/org/apache/maven/maven-model/2.0.6/maven-model-2.0.6.pom
2019-12-02 16:00:55,029 [Worker-0: Importing MyEclipse dependencies to Local Maven Repository] INFO  o.e.m.c.i.e.AbstractTransferListenerAdapter - Downloaded https://repo.maven.apache.org/maven2/org/apache/maven/maven-model/2.0.6/maven-model-2.0.6.pom
2019-12-02 16:00:55,202 [Worker-0: Importing MyEclipse dependencies to Local Maven Repository] INFO  o.e.m.c.i.e.AbstractTransferListenerAdapter - Downloading https://repo.maven.apache.org/maven2/org/codehaus/plexus/plexus-utils/1.4.1/plexus-utils-1.4.1.pom
2019-12-02 16:00:55,373 [Worker-0: Importing MyEclipse dependencies to Local Maven Repository] INFO  o.e.m.c.i.e.AbstractTransferListenerAdapter - Downloaded https://repo.maven.apache.org/maven2/org/codehaus/plexus/plexus-utils/1.4.1/plexus-utils-1.4.1.pom
2019-12-02 16:00:56,770 [Worker-0: Importing MyEclipse dependencies to Local Maven Repository] INFO  o.e.m.c.i.e.AbstractTransferListenerAdapter - Downloading https://repo.maven.apache.org/maven2/org/apache/maven/maven-profile/2.0.6/maven-profile-2.0.6.pom
2019-12-02 16:00:56,938 [Worker-0: Importing MyEclipse dependencies to Local Maven Repository] INFO  o.e.m.c.i.e.AbstractTransferListenerAdapter - Downloaded https://repo.maven.apache.org/maven2/org/apache/maven/maven-profile/2.0.6/maven-profile-2.0.6.pom
2019-12-02 16:00:57,105 [Worker-0: Importing MyEclipse dependencies to Local Maven Repository] INFO  o.e.m.c.i.e.AbstractTransferListenerAdapter - Downloading https://repo.maven.apache.org/maven2/org/apache/maven/maven-artifact-manager/2.0.6/maven-artifact-manager-2.0.6.pom
2019-12-02 16:00:57,272 [Worker-0: Importing MyEclipse dependencies to Local Maven Repository] INFO  o.e.m.c.i.e.AbstractTransferListenerAdapter - Downloaded https://repo.maven.apache.org/maven2/org/apache/maven/maven-artifact-manager/2.0.6/maven-artifact-manager-2.0.6.pom
2019-12-02 16:00:57,445 [Worker-0: Importing MyEclipse dependencies to Local Maven Repository] INFO  o.e.m.c.i.e.AbstractTransferListenerAdapter - Downloading https://repo.maven.apache.org/maven2/org/apache/maven/maven-repository-metadata/2.0.6/maven-repository-metadata-2.0.6.pom
2019-12-02 16:00:57,618 [Worker-0: Importing MyEclipse dependencies to Local Maven Repository] INFO  o.e.m.c.i.e.AbstractTransferListenerAdapter - Downloaded https://repo.maven.apache.org/maven2/org/apache/maven/maven-repository-metadata/2.0.6/maven-repository-metadata-2.0.6.pom
2019-12-02 16:00:57,789 [Worker-0: Importing MyEclipse dependencies to Local Maven Repository] INFO  o.e.m.c.i.e.AbstractTransferListenerAdapter - Downloading https://repo.maven.apache.org/maven2/org/apache/maven/maven-artifact/2.0.6/maven-artifact-2.0.6.pom
2019-12-02 16:00:57,962 [Worker-0: Importing MyEclipse dependencies to Local Maven Repository] INFO  o.e.m.c.i.e.AbstractTransferListenerAdapter - Downloaded https://repo.maven.apache.org/maven2/org/apache/maven/maven-artifact/2.0.6/maven-artifact-2.0.6.pom
2019-12-02 16:00:58,135 [Worker-0: Importing MyEclipse dependencies to Local Maven Repository] INFO  o.e.m.c.i.e.AbstractTransferListenerAdapter - Downloading https://repo.maven.apache.org/maven2/org/apache/maven/maven-plugin-registry/2.0.6/maven-plugin-registry-2.0.6.pom
2019-12-02 16:00:58,303 [Worker-0: Importing MyEclipse dependencies to Local Maven Repository] INFO  o.e.m.c.i.e.AbstractTransferListenerAdapter - Downloaded https://repo.maven.apache.org/maven2/org/apache/maven/maven-plugin-registry/2.0.6/maven-plugin-registry-2.0.6.pom
2019-12-02 16:00:58,479 [Worker-0: Importing MyEclipse dependencies to Local Maven Repository] INFO  o.e.m.c.i.e.AbstractTransferListenerAdapter - Downloading https://repo.maven.apache.org/maven2/org/codehaus/plexus/plexus-utils/3.0.5/plexus-utils-3.0.5.pom
2019-12-02 16:00:58,666 [Worker-0: Importing MyEclipse dependencies to Local Maven Repository] INFO  o.e.m.c.i.e.AbstractTransferListenerAdapter - Downloaded https://repo.maven.apache.org/maven2/org/codehaus/plexus/plexus-utils/3.0.5/plexus-utils-3.0.5.pom
2019-12-02 16:00:58,840 [Worker-0: Importing MyEclipse dependencies to Local Maven Repository] INFO  o.e.m.c.i.e.AbstractTransferListenerAdapter - Downloading https://repo.maven.apache.org/maven2/org/codehaus/plexus/plexus/3.1/plexus-3.1.pom
2019-12-02 16:00:59,010 [Worker-0: Importing MyEclipse dependencies to Local Maven Repository] INFO  o.e.m.c.i.e.AbstractTransferListenerAdapter - Downloaded https://repo.maven.apache.org/maven2/org/codehaus/plexus/plexus/3.1/plexus-3.1.pom
2019-12-02 16:00:59,514 [Worker-0: Importing MyEclipse dependencies to Local Maven Repository] INFO  o.e.m.c.i.e.AbstractTransferListenerAdapter - Downloading https://repo.maven.apache.org/maven2/org/codehaus/plexus/plexus-digest/1.0/plexus-digest-1.0.pom
2019-12-02 16:00:59,683 [Worker-0: Importing MyEclipse dependencies to Local Maven Repository] INFO  o.e.m.c.i.e.AbstractTransferListenerAdapter - Downloaded https://repo.maven.apache.org/maven2/org/codehaus/plexus/plexus-digest/1.0/plexus-digest-1.0.pom
2019-12-02 16:00:59,849 [Worker-0: Importing MyEclipse dependencies to Local Maven Repository] INFO  o.e.m.c.i.e.AbstractTransferListenerAdapter - Downloading https://repo.maven.apache.org/maven2/org/codehaus/plexus/plexus-components/1.1.7/plexus-components-1.1.7.pom
2019-12-02 16:01:00,018 [Worker-0: Importing MyEclipse dependencies to Local Maven Repository] INFO  o.e.m.c.i.e.AbstractTransferListenerAdapter - Downloaded https://repo.maven.apache.org/maven2/org/codehaus/plexus/plexus-components/1.1.7/plexus-components-1.1.7.pom
2019-12-02 16:01:00,183 [Worker-0: Importing MyEclipse dependencies to Local Maven Repository] INFO  o.e.m.c.i.e.AbstractTransferListenerAdapter - Downloading https://repo.maven.apache.org/maven2/org/codehaus/plexus/plexus/1.0.8/plexus-1.0.8.pom
2019-12-02 16:01:00,352 [Worker-0: Importing MyEclipse dependencies to Local Maven Repository] INFO  o.e.m.c.i.e.AbstractTransferListenerAdapter - Downloaded https://repo.maven.apache.org/maven2/org/codehaus/plexus/plexus/1.0.8/plexus-1.0.8.pom
2019-12-02 16:01:00,524 [Worker-0: Importing MyEclipse dependencies to Local Maven Repository] INFO  o.e.m.c.i.e.AbstractTransferListenerAdapter - Downloading https://repo.maven.apache.org/maven2/org/codehaus/plexus/plexus-container-default/1.0-alpha-8/plexus-container-default-1.0-alpha-8.pom
2019-12-02 16:01:00,697 [Worker-0: Importing MyEclipse dependencies to Local Maven Repository] INFO  o.e.m.c.i.e.AbstractTransferListenerAdapter - Downloaded https://repo.maven.apache.org/maven2/org/codehaus/plexus/plexus-container-default/1.0-alpha-8/plexus-container-default-1.0-alpha-8.pom
2019-12-02 16:01:00,894 [Worker-0: Importing MyEclipse dependencies to Local Maven Repository] INFO  o.e.m.c.i.e.AbstractTransferListenerAdapter - Downloading https://repo.maven.apache.org/maven2/org/apache/maven/maven-plugin-api/2.0.6/maven-plugin-api-2.0.6.jar
2019-12-02 16:01:01,061 [Worker-0: Importing MyEclipse dependencies to Local Maven Repository] INFO  o.e.m.c.i.e.AbstractTransferListenerAdapter - Downloaded https://repo.maven.apache.org/maven2/org/apache/maven/maven-plugin-api/2.0.6/maven-plugin-api-2.0.6.jar
2019-12-02 16:01:01,228 [Worker-0: Importing MyEclipse dependencies to Local Maven Repository] INFO  o.e.m.c.i.e.AbstractTransferListenerAdapter - Downloading https://repo.maven.apache.org/maven2/org/apache/maven/maven-project/2.0.6/maven-project-2.0.6.jar
2019-12-02 16:01:01,562 [Worker-0: Importing MyEclipse dependencies to Local Maven Repository] INFO  o.e.m.c.i.e.AbstractTransferListenerAdapter - Downloaded https://repo.maven.apache.org/maven2/org/apache/maven/maven-project/2.0.6/maven-project-2.0.6.jar
2019-12-02 16:01:01,727 [Worker-0: Importing MyEclipse dependencies to Local Maven Repository] INFO  o.e.m.c.i.e.AbstractTransferListenerAdapter - Downloading https://repo.maven.apache.org/maven2/org/apache/maven/maven-settings/2.0.6/maven-settings-2.0.6.jar
2019-12-02 16:01:01,894 [Worker-0: Importing MyEclipse dependencies to Local Maven Repository] INFO  o.e.m.c.i.e.AbstractTransferListenerAdapter - Downloaded https://repo.maven.apache.org/maven2/org/apache/maven/maven-settings/2.0.6/maven-settings-2.0.6.jar
2019-12-02 16:01:02,059 [Worker-0: Importing MyEclipse dependencies to Local Maven Repository] INFO  o.e.m.c.i.e.AbstractTransferListenerAdapter - Downloading https://repo.maven.apache.org/maven2/org/apache/maven/maven-profile/2.0.6/maven-profile-2.0.6.jar
2019-12-02 16:01:02,229 [Worker-0: Importing MyEclipse dependencies to Local Maven Repository] INFO  o.e.m.c.i.e.AbstractTransferListenerAdapter - Downloaded https://repo.maven.apache.org/maven2/org/apache/maven/maven-profile/2.0.6/maven-profile-2.0.6.jar
2019-12-02 16:01:02,391 [Worker-0: Importing MyEclipse dependencies to Local Maven Repository] INFO  o.e.m.c.i.e.AbstractTransferListenerAdapter - Downloading https://repo.maven.apache.org/maven2/org/apache/maven/maven-plugin-registry/2.0.6/maven-plugin-registry-2.0.6.jar
2019-12-02 16:01:02,561 [Worker-0: Importing MyEclipse dependencies to Local Maven Repository] INFO  o.e.m.c.i.e.AbstractTransferListenerAdapter - Downloaded https://repo.maven.apache.org/maven2/org/apache/maven/maven-plugin-registry/2.0.6/maven-plugin-registry-2.0.6.jar
2019-12-02 16:01:02,727 [Worker-0: Importing MyEclipse dependencies to Local Maven Repository] INFO  o.e.m.c.i.e.AbstractTransferListenerAdapter - Downloading https://repo.maven.apache.org/maven2/org/codehaus/plexus/plexus-container-default/1.0-alpha-9-stable-1/plexus-container-default-1.0-alpha-9-stable-1.jar
2019-12-02 16:01:03,058 [Worker-0: Importing MyEclipse dependencies to Local Maven Repository] INFO  o.e.m.c.i.e.AbstractTransferListenerAdapter - Downloaded https://repo.maven.apache.org/maven2/org/codehaus/plexus/plexus-container-default/1.0-alpha-9-stable-1/plexus-container-default-1.0-alpha-9-stable-1.jar
2019-12-02 16:01:03,219 [Worker-0: Importing MyEclipse dependencies to Local Maven Repository] INFO  o.e.m.c.i.e.AbstractTransferListenerAdapter - Downloading https://repo.maven.apache.org/maven2/junit/junit/3.8.1/junit-3.8.1.jar
2019-12-02 16:01:03,386 [Worker-0: Importing MyEclipse dependencies to Local Maven Repository] INFO  o.e.m.c.i.e.AbstractTransferListenerAdapter - Downloaded https://repo.maven.apache.org/maven2/junit/junit/3.8.1/junit-3.8.1.jar
2019-12-02 16:01:03,548 [Worker-0: Importing MyEclipse dependencies to Local Maven Repository] INFO  o.e.m.c.i.e.AbstractTransferListenerAdapter - Downloading https://repo.maven.apache.org/maven2/classworlds/classworlds/1.1-alpha-2/classworlds-1.1-alpha-2.jar
2019-12-02 16:01:03,718 [Worker-0: Importing MyEclipse dependencies to Local Maven Repository] INFO  o.e.m.c.i.e.AbstractTransferListenerAdapter - Downloaded https://repo.maven.apache.org/maven2/classworlds/classworlds/1.1-alpha-2/classworlds-1.1-alpha-2.jar
2019-12-02 16:01:03,880 [Worker-0: Importing MyEclipse dependencies to Local Maven Repository] INFO  o.e.m.c.i.e.AbstractTransferListenerAdapter - Downloading https://repo.maven.apache.org/maven2/org/apache/maven/maven-model/2.0.6/maven-model-2.0.6.jar
2019-12-02 16:01:04,054 [Worker-0: Importing MyEclipse dependencies to Local Maven Repository] INFO  o.e.m.c.i.e.AbstractTransferListenerAdapter - Downloaded https://repo.maven.apache.org/maven2/org/apache/maven/maven-model/2.0.6/maven-model-2.0.6.jar
2019-12-02 16:01:04,217 [Worker-0: Importing MyEclipse dependencies to Local Maven Repository] INFO  o.e.m.c.i.e.AbstractTransferListenerAdapter - Downloading https://repo.maven.apache.org/maven2/org/apache/maven/maven-artifact-manager/2.0.6/maven-artifact-manager-2.0.6.jar
2019-12-02 16:01:04,383 [Worker-0: Importing MyEclipse dependencies to Local Maven Repository] INFO  o.e.m.c.i.e.AbstractTransferListenerAdapter - Downloaded https://repo.maven.apache.org/maven2/org/apache/maven/maven-artifact-manager/2.0.6/maven-artifact-manager-2.0.6.jar
2019-12-02 16:01:04,545 [Worker-0: Importing MyEclipse dependencies to Local Maven Repository] INFO  o.e.m.c.i.e.AbstractTransferListenerAdapter - Downloading https://repo.maven.apache.org/maven2/org/apache/maven/maven-repository-metadata/2.0.6/maven-repository-metadata-2.0.6.jar
2019-12-02 16:01:04,710 [Worker-0: Importing MyEclipse dependencies to Local Maven Repository] INFO  o.e.m.c.i.e.AbstractTransferListenerAdapter - Downloaded https://repo.maven.apache.org/maven2/org/apache/maven/maven-repository-metadata/2.0.6/maven-repository-metadata-2.0.6.jar
2019-12-02 16:01:04,872 [Worker-0: Importing MyEclipse dependencies to Local Maven Repository] INFO  o.e.m.c.i.e.AbstractTransferListenerAdapter - Downloading https://repo.maven.apache.org/maven2/org/apache/maven/maven-artifact/2.0.6/maven-artifact-2.0.6.jar
2019-12-02 16:01:05,045 [Worker-0: Importing MyEclipse dependencies to Local Maven Repository] INFO  o.e.m.c.i.e.AbstractTransferListenerAdapter - Downloaded https://repo.maven.apache.org/maven2/org/apache/maven/maven-artifact/2.0.6/maven-artifact-2.0.6.jar
2019-12-02 16:01:05,210 [Worker-0: Importing MyEclipse dependencies to Local Maven Repository] INFO  o.e.m.c.i.e.AbstractTransferListenerAdapter - Downloading https://repo.maven.apache.org/maven2/org/codehaus/plexus/plexus-utils/3.0.5/plexus-utils-3.0.5.jar
2019-12-02 16:01:05,389 [Worker-0: Importing MyEclipse dependencies to Local Maven Repository] INFO  o.e.m.c.i.e.AbstractTransferListenerAdapter - Downloaded https://repo.maven.apache.org/maven2/org/codehaus/plexus/plexus-utils/3.0.5/plexus-utils-3.0.5.jar
2019-12-02 16:01:05,565 [Worker-0: Importing MyEclipse dependencies to Local Maven Repository] INFO  o.e.m.c.i.e.AbstractTransferListenerAdapter - Downloading https://repo.maven.apache.org/maven2/org/codehaus/plexus/plexus-digest/1.0/plexus-digest-1.0.jar
2019-12-02 16:01:05,739 [Worker-0: Importing MyEclipse dependencies to Local Maven Repository] INFO  o.e.m.c.i.e.AbstractTransferListenerAdapter - Downloaded https://repo.maven.apache.org/maven2/org/codehaus/plexus/plexus-digest/1.0/plexus-digest-1.0.jar
2019-12-02 16:01:06,188 [Worker-0: Importing MyEclipse dependencies to Local Maven Repository] INFO  o.e.m.c.i.embedder.EclipseLogger - Installing D:\Package\MyeclipseCI\plugins\com.genuitec.eclipse.icefaces_13.0.0.me201805280638\data\1.8.0\ICEfaces\icefaces.jar to C:\Users\Administrator\.m2\repository\org\icefaces\icefaces\1.8.0\icefaces-1.8.0.jar
2019-12-02 16:01:06,222 [Worker-0: Importing MyEclipse dependencies to Local Maven Repository] INFO  o.e.m.c.i.embedder.EclipseLogger - Installing C:\Users\ADMINI~1\AppData\Local\Temp\mvninstall6343800477696763522.pom to C:\Users\Administrator\.m2\repository\org\icefaces\icefaces\1.8.0\icefaces-1.8.0.pom
2019-12-02 16:01:06,952 [Worker-0: Importing MyEclipse dependencies to Local Maven Repository] INFO  o.e.m.c.i.e.AbstractTransferListenerAdapter - Downloaded https://repo.maven.apache.org/maven2/org/icefaces/icefaces/1.7.2/icefaces-1.7.2.jar
2019-12-02 16:01:06,965 [Worker-0: Importing MyEclipse dependencies to Local Maven Repository] INFO  o.e.m.c.i.embedder.EclipseLogger - Installing D:\Package\MyeclipseCI\plugins\com.genuitec.eclipse.icefaces_13.0.0.me201805280638\data\1.7.2\ICEfaces\icefaces.jar to C:\Users\Administrator\.m2\repository\org\icefaces\icefaces\1.7.2\icefaces-1.7.2.jar
2019-12-02 16:01:06,986 [Worker-0: Importing MyEclipse dependencies to Local Maven Repository] INFO  o.e.m.c.i.embedder.EclipseLogger - Installing C:\Users\ADMINI~1\AppData\Local\Temp\mvninstall18289357859136094209.pom to C:\Users\Administrator\.m2\repository\org\icefaces\icefaces\1.7.2\icefaces-1.7.2.pom
2019-12-02 16:01:07,686 [Worker-0: Importing MyEclipse dependencies to Local Maven Repository] INFO  o.e.m.c.i.e.AbstractTransferListenerAdapter - Downloaded https://repo.maven.apache.org/maven2/org/icefaces/icefaces/1.7.1/icefaces-1.7.1.jar
2019-12-02 16:01:07,711 [Worker-0: Importing MyEclipse dependencies to Local Maven Repository] INFO  o.e.m.c.i.embedder.EclipseLogger - Installing D:\Package\MyeclipseCI\plugins\com.genuitec.eclipse.icefaces_13.0.0.me201805280638\data\1.7.1\ICEfaces\icefaces.jar to C:\Users\Administrator\.m2\repository\org\icefaces\icefaces\1.7.1\icefaces-1.7.1.jar
2019-12-02 16:01:07,735 [Worker-0: Importing MyEclipse dependencies to Local Maven Repository] INFO  o.e.m.c.i.embedder.EclipseLogger - Installing C:\Users\ADMINI~1\AppData\Local\Temp\mvninstall14283990866469255326.pom to C:\Users\Administrator\.m2\repository\org\icefaces\icefaces\1.7.1\icefaces-1.7.1.pom
2019-12-02 16:01:08,426 [Worker-0: Importing MyEclipse dependencies to Local Maven Repository] INFO  o.e.m.c.i.e.AbstractTransferListenerAdapter - Downloaded https://repo.maven.apache.org/maven2/org/icefaces/icefaces/1.7.0/icefaces-1.7.0.jar
2019-12-02 16:01:08,433 [Worker-0: Importing MyEclipse dependencies to Local Maven Repository] INFO  o.e.m.c.i.embedder.EclipseLogger - Installing D:\Package\MyeclipseCI\plugins\com.genuitec.eclipse.icefaces_13.0.0.me201805280638\data\1.7.0\ICEfaces\icefaces.jar to C:\Users\Administrator\.m2\repository\org\icefaces\icefaces\1.7.0\icefaces-1.7.0.jar
2019-12-02 16:01:08,462 [Worker-0: Importing MyEclipse dependencies to Local Maven Repository] INFO  o.e.m.c.i.embedder.EclipseLogger - Installing C:\Users\ADMINI~1\AppData\Local\Temp\mvninstall11921676119186549772.pom to C:\Users\Administrator\.m2\repository\org\icefaces\icefaces\1.7.0\icefaces-1.7.0.pom
2019-12-02 16:01:09,212 [Worker-0: Importing MyEclipse dependencies to Local Maven Repository] INFO  o.e.m.c.i.e.AbstractTransferListenerAdapter - Downloaded https://repo.maven.apache.org/maven2/org/icefaces/icefaces/1.6.2/icefaces-1.6.2.jar
2019-12-02 16:01:09,220 [Worker-0: Importing MyEclipse dependencies to Local Maven Repository] INFO  o.e.m.c.i.embedder.EclipseLogger - Installing D:\Package\MyeclipseCI\plugins\com.genuitec.eclipse.icefaces_13.0.0.me201805280638\data\1.6.2\ICEfaces\icefaces.jar to C:\Users\Administrator\.m2\repository\org\icefaces\icefaces\1.6.2\icefaces-1.6.2.jar
2019-12-02 16:01:09,245 [Worker-0: Importing MyEclipse dependencies to Local Maven Repository] INFO  o.e.m.c.i.embedder.EclipseLogger - Installing C:\Users\ADMINI~1\AppData\Local\Temp\mvninstall12262972821832651740.pom to C:\Users\Administrator\.m2\repository\org\icefaces\icefaces\1.6.2\icefaces-1.6.2.pom
2019-12-02 16:01:09,952 [Worker-0: Importing MyEclipse dependencies to Local Maven Repository] INFO  o.e.m.c.i.e.AbstractTransferListenerAdapter - Downloaded https://repo.maven.apache.org/maven2/org/icefaces/icefaces/1.6.1/icefaces-1.6.1.jar
2019-12-02 16:01:09,964 [Worker-0: Importing MyEclipse dependencies to Local Maven Repository] INFO  o.e.m.c.i.embedder.EclipseLogger - Installing D:\Package\MyeclipseCI\plugins\com.genuitec.eclipse.icefaces_13.0.0.me201805280638\data\1.6.1\ICEfaces\icefaces.jar to C:\Users\Administrator\.m2\repository\org\icefaces\icefaces\1.6.1\icefaces-1.6.1.jar
2019-12-02 16:01:09,985 [Worker-0: Importing MyEclipse dependencies to Local Maven Repository] INFO  o.e.m.c.i.embedder.EclipseLogger - Installing C:\Users\ADMINI~1\AppData\Local\Temp\mvninstall10523595972677199120.pom to C:\Users\Administrator\.m2\repository\org\icefaces\icefaces\1.6.1\icefaces-1.6.1.pom
2019-12-02 16:01:10,697 [Worker-0: Importing MyEclipse dependencies to Local Maven Repository] INFO  o.e.m.c.i.e.AbstractTransferListenerAdapter - Downloaded https://repo.maven.apache.org/maven2/org/icepush/icepush/2.0.2/icepush-2.0.2.jar
2019-12-02 16:01:10,706 [Worker-0: Importing MyEclipse dependencies to Local Maven Repository] INFO  o.e.m.c.i.embedder.EclipseLogger - Installing D:\Package\MyeclipseCI\plugins\com.genuitec.eclipse.icefaces_13.0.0.me201805280638\data\org.icepush\icepush\2.0\icepush.jar to C:\Users\Administrator\.m2\repository\org\icepush\icepush\2.0.2\icepush-2.0.2.jar
2019-12-02 16:01:10,731 [Worker-0: Importing MyEclipse dependencies to Local Maven Repository] INFO  o.e.m.c.i.embedder.EclipseLogger - Installing C:\Users\ADMINI~1\AppData\Local\Temp\mvninstall6613209351115730644.pom to C:\Users\Administrator\.m2\repository\org\icepush\icepush\2.0.2\icepush-2.0.2.pom
2019-12-02 16:01:11,456 [Worker-0: Importing MyEclipse dependencies to Local Maven Repository] INFO  o.e.m.c.i.e.AbstractTransferListenerAdapter - Downloaded https://repo.maven.apache.org/maven2/org/icefaces/icefaces-comps/1.8.0/icefaces-comps-1.8.0.jar
2019-12-02 16:01:11,463 [Worker-0: Importing MyEclipse dependencies to Local Maven Repository] INFO  o.e.m.c.i.embedder.EclipseLogger - Installing D:\Package\MyeclipseCI\plugins\com.genuitec.eclipse.icefaces_13.0.0.me201805280638\data\1.8.0\ICEfaces\icefaces-comps.jar to C:\Users\Administrator\.m2\repository\org\icefaces\icefaces-comps\1.8.0\icefaces-comps-1.8.0.jar
2019-12-02 16:01:11,504 [Worker-0: Importing MyEclipse dependencies to Local Maven Repository] INFO  o.e.m.c.i.embedder.EclipseLogger - Installing C:\Users\ADMINI~1\AppData\Local\Temp\mvninstall4899958970260160912.pom to C:\Users\Administrator\.m2\repository\org\icefaces\icefaces-comps\1.8.0\icefaces-comps-1.8.0.pom
2019-12-02 16:01:12,254 [Worker-0: Importing MyEclipse dependencies to Local Maven Repository] INFO  o.e.m.c.i.e.AbstractTransferListenerAdapter - Downloaded https://repo.maven.apache.org/maven2/org/icefaces/icefaces-comps/1.7.2/icefaces-comps-1.7.2.jar
2019-12-02 16:01:12,263 [Worker-0: Importing MyEclipse dependencies to Local Maven Repository] INFO  o.e.m.c.i.embedder.EclipseLogger - Installing D:\Package\MyeclipseCI\plugins\com.genuitec.eclipse.icefaces_13.0.0.me201805280638\data\1.7.2\ICEfaces\icefaces-comps.jar to C:\Users\Administrator\.m2\repository\org\icefaces\icefaces-comps\1.7.2\icefaces-comps-1.7.2.jar
2019-12-02 16:01:12,294 [Worker-0: Importing MyEclipse dependencies to Local Maven Repository] INFO  o.e.m.c.i.embedder.EclipseLogger - Installing C:\Users\ADMINI~1\AppData\Local\Temp\mvninstall10791598868428025315.pom to C:\Users\Administrator\.m2\repository\org\icefaces\icefaces-comps\1.7.2\icefaces-comps-1.7.2.pom
2019-12-02 16:01:12,997 [Worker-0: Importing MyEclipse dependencies to Local Maven Repository] INFO  o.e.m.c.i.e.AbstractTransferListenerAdapter - Downloaded https://repo.maven.apache.org/maven2/org/icefaces/icefaces-comps/1.7.1/icefaces-comps-1.7.1.jar
2019-12-02 16:01:13,017 [Worker-0: Importing MyEclipse dependencies to Local Maven Repository] INFO  o.e.m.c.i.embedder.EclipseLogger - Installing D:\Package\MyeclipseCI\plugins\com.genuitec.eclipse.icefaces_13.0.0.me201805280638\data\1.7.1\ICEfaces\icefaces-comps.jar to C:\Users\Administrator\.m2\repository\org\icefaces\icefaces-comps\1.7.1\icefaces-comps-1.7.1.jar
2019-12-02 16:01:13,042 [Worker-0: Importing MyEclipse dependencies to Local Maven Repository] INFO  o.e.m.c.i.embedder.EclipseLogger - Installing C:\Users\ADMINI~1\AppData\Local\Temp\mvninstall13007113622246139065.pom to C:\Users\Administrator\.m2\repository\org\icefaces\icefaces-comps\1.7.1\icefaces-comps-1.7.1.pom
2019-12-02 16:01:13,780 [Worker-0: Importing MyEclipse dependencies to Local Maven Repository] INFO  o.e.m.c.i.e.AbstractTransferListenerAdapter - Downloaded https://repo.maven.apache.org/maven2/org/icefaces/icefaces-comps/1.7.0/icefaces-comps-1.7.0.jar
2019-12-02 16:01:13,798 [Worker-0: Importing MyEclipse dependencies to Local Maven Repository] INFO  o.e.m.c.i.embedder.EclipseLogger - Installing D:\Package\MyeclipseCI\plugins\com.genuitec.eclipse.icefaces_13.0.0.me201805280638\data\1.7.0\ICEfaces\icefaces-comps.jar to C:\Users\Administrator\.m2\repository\org\icefaces\icefaces-comps\1.7.0\icefaces-comps-1.7.0.jar
2019-12-02 16:01:13,819 [Worker-0: Importing MyEclipse dependencies to Local Maven Repository] INFO  o.e.m.c.i.embedder.EclipseLogger - Installing C:\Users\ADMINI~1\AppData\Local\Temp\mvninstall15621129748830054728.pom to C:\Users\Administrator\.m2\repository\org\icefaces\icefaces-comps\1.7.0\icefaces-comps-1.7.0.pom
2019-12-02 16:01:14,507 [Worker-0: Importing MyEclipse dependencies to Local Maven Repository] INFO  o.e.m.c.i.e.AbstractTransferListenerAdapter - Downloaded https://repo.maven.apache.org/maven2/org/icefaces/icefaces-comps/1.6.2/icefaces-comps-1.6.2.jar
2019-12-02 16:01:14,518 [Worker-0: Importing MyEclipse dependencies to Local Maven Repository] INFO  o.e.m.c.i.embedder.EclipseLogger - Installing D:\Package\MyeclipseCI\plugins\com.genuitec.eclipse.icefaces_13.0.0.me201805280638\data\1.6.2\ICEfaces\icefaces-comps.jar to C:\Users\Administrator\.m2\repository\org\icefaces\icefaces-comps\1.6.2\icefaces-comps-1.6.2.jar
2019-12-02 16:01:14,538 [Worker-0: Importing MyEclipse dependencies to Local Maven Repository] INFO  o.e.m.c.i.embedder.EclipseLogger - Installing C:\Users\ADMINI~1\AppData\Local\Temp\mvninstall5983828786583217859.pom to C:\Users\Administrator\.m2\repository\org\icefaces\icefaces-comps\1.6.2\icefaces-comps-1.6.2.pom
2019-12-02 16:01:15,259 [Worker-0: Importing MyEclipse dependencies to Local Maven Repository] INFO  o.e.m.c.i.e.AbstractTransferListenerAdapter - Downloaded https://repo.maven.apache.org/maven2/org/icefaces/icefaces-comps/1.6.1/icefaces-comps-1.6.1.jar
2019-12-02 16:01:15,267 [Worker-0: Importing MyEclipse dependencies to Local Maven Repository] INFO  o.e.m.c.i.embedder.EclipseLogger - Installing D:\Package\MyeclipseCI\plugins\com.genuitec.eclipse.icefaces_13.0.0.me201805280638\data\1.6.1\ICEfaces\icefaces-comps.jar to C:\Users\Administrator\.m2\repository\org\icefaces\icefaces-comps\1.6.1\icefaces-comps-1.6.1.jar
2019-12-02 16:01:15,290 [Worker-0: Importing MyEclipse dependencies to Local Maven Repository] INFO  o.e.m.c.i.embedder.EclipseLogger - Installing C:\Users\ADMINI~1\AppData\Local\Temp\mvninstall3331844402175400992.pom to C:\Users\Administrator\.m2\repository\org\icefaces\icefaces-comps\1.6.1\icefaces-comps-1.6.1.pom
2019-12-02 16:01:15,998 [Worker-0: Importing MyEclipse dependencies to Local Maven Repository] INFO  o.e.m.c.i.e.AbstractTransferListenerAdapter - Downloaded https://repo.maven.apache.org/maven2/org/icefaces/icefaces-facelets/1.8.0/icefaces-facelets-1.8.0.jar
2019-12-02 16:01:16,014 [Worker-0: Importing MyEclipse dependencies to Local Maven Repository] INFO  o.e.m.c.i.embedder.EclipseLogger - Installing D:\Package\MyeclipseCI\plugins\com.genuitec.eclipse.icefaces_13.0.0.me201805280638\data\1.8.0\ICEfaces-Facelets\icefaces-facelets.jar to C:\Users\Administrator\.m2\repository\org\icefaces\icefaces-facelets\1.8.0\icefaces-facelets-1.8.0.jar
2019-12-02 16:01:16,040 [Worker-0: Importing MyEclipse dependencies to Local Maven Repository] INFO  o.e.m.c.i.embedder.EclipseLogger - Installing C:\Users\ADMINI~1\AppData\Local\Temp\mvninstall12967121799464436866.pom to C:\Users\Administrator\.m2\repository\org\icefaces\icefaces-facelets\1.8.0\icefaces-facelets-1.8.0.pom
2019-12-02 16:01:16,730 [Worker-0: Importing MyEclipse dependencies to Local Maven Repository] INFO  o.e.m.c.i.e.AbstractTransferListenerAdapter - Downloaded https://repo.maven.apache.org/maven2/org/icefaces/icefaces-facelets/1.7.2/icefaces-facelets-1.7.2.jar
2019-12-02 16:01:16,736 [Worker-0: Importing MyEclipse dependencies to Local Maven Repository] INFO  o.e.m.c.i.embedder.EclipseLogger - Installing D:\Package\MyeclipseCI\plugins\com.genuitec.eclipse.icefaces_13.0.0.me201805280638\data\1.7.2\ICEfaces-Facelets\icefaces-facelets.jar to C:\Users\Administrator\.m2\repository\org\icefaces\icefaces-facelets\1.7.2\icefaces-facelets-1.7.2.jar
2019-12-02 16:01:16,760 [Worker-0: Importing MyEclipse dependencies to Local Maven Repository] INFO  o.e.m.c.i.embedder.EclipseLogger - Installing C:\Users\ADMINI~1\AppData\Local\Temp\mvninstall7481046229726736051.pom to C:\Users\Administrator\.m2\repository\org\icefaces\icefaces-facelets\1.7.2\icefaces-facelets-1.7.2.pom
2019-12-02 16:01:17,451 [Worker-0: Importing MyEclipse dependencies to Local Maven Repository] INFO  o.e.m.c.i.e.AbstractTransferListenerAdapter - Downloaded https://repo.maven.apache.org/maven2/org/icefaces/icefaces-facelets/1.7.1/icefaces-facelets-1.7.1.jar
2019-12-02 16:01:17,462 [Worker-0: Importing MyEclipse dependencies to Local Maven Repository] INFO  o.e.m.c.i.embedder.EclipseLogger - Installing D:\Package\MyeclipseCI\plugins\com.genuitec.eclipse.icefaces_13.0.0.me201805280638\data\1.7.0\ICEfaces-Facelets\icefaces-facelets.jar to C:\Users\Administrator\.m2\repository\org\icefaces\icefaces-facelets\1.7.1\icefaces-facelets-1.7.1.jar
2019-12-02 16:01:17,486 [Worker-0: Importing MyEclipse dependencies to Local Maven Repository] INFO  o.e.m.c.i.embedder.EclipseLogger - Installing C:\Users\ADMINI~1\AppData\Local\Temp\mvninstall16306655453267262334.pom to C:\Users\Administrator\.m2\repository\org\icefaces\icefaces-facelets\1.7.1\icefaces-facelets-1.7.1.pom
2019-12-02 16:01:18,186 [Worker-0: Importing MyEclipse dependencies to Local Maven Repository] INFO  o.e.m.c.i.e.AbstractTransferListenerAdapter - Downloaded https://repo.maven.apache.org/maven2/org/icefaces/icefaces-facelets/1.7.0/icefaces-facelets-1.7.0.jar
2019-12-02 16:01:18,199 [Worker-0: Importing MyEclipse dependencies to Local Maven Repository] INFO  o.e.m.c.i.embedder.EclipseLogger - Installing D:\Package\MyeclipseCI\plugins\com.genuitec.eclipse.icefaces_13.0.0.me201805280638\data\1.7.0\ICEfaces-Facelets\icefaces-facelets.jar to C:\Users\Administrator\.m2\repository\org\icefaces\icefaces-facelets\1.7.0\icefaces-facelets-1.7.0.jar
2019-12-02 16:01:18,246 [Worker-0: Importing MyEclipse dependencies to Local Maven Repository] INFO  o.e.m.c.i.embedder.EclipseLogger - Installing C:\Users\ADMINI~1\AppData\Local\Temp\mvninstall13592810768627901814.pom to C:\Users\Administrator\.m2\repository\org\icefaces\icefaces-facelets\1.7.0\icefaces-facelets-1.7.0.pom
2019-12-02 16:01:18,940 [Worker-0: Importing MyEclipse dependencies to Local Maven Repository] INFO  o.e.m.c.i.e.AbstractTransferListenerAdapter - Downloaded https://repo.maven.apache.org/maven2/org/icefaces/icefaces-facelets/1.6.2/icefaces-facelets-1.6.2.jar
2019-12-02 16:01:21,421 [Worker-3: Updating indexes] ERROR o.e.m.c.i.i.nexus.NexusIndexManager - Unable to update index for central|https://repo.maven.apache.org/maven2
org.eclipse.core.runtime.OperationCanceledException: null
	at org.eclipse.m2e.core.internal.index.nexus.AetherClientResourceFetcher.retrieve(AetherClientResourceFetcher.java:91) ~[org.eclipse.m2e.core_1.9.0.me201812050717.jar:na]
	at org.apache.maven.index.updater.AbstractResourceFetcher.retrieve(AbstractResourceFetcher.java:35) ~[indexer-core-3.1.0.jar:3.1.0]
	at org.apache.maven.index.updater.DefaultIndexUpdater$LocalCacheIndexAdaptor.setIndexFile(DefaultIndexUpdater.java:700) ~[indexer-core-3.1.0.jar:3.1.0]
	at org.apache.maven.index.updater.DefaultIndexUpdater.fetchAndUpdateIndex(DefaultIndexUpdater.java:829) ~[indexer-core-3.1.0.jar:3.1.0]
	at org.apache.maven.index.updater.DefaultIndexUpdater.fetchAndUpdateIndex(DefaultIndexUpdater.java:135) ~[indexer-core-3.1.0.jar:3.1.0]
	at org.eclipse.m2e.core.internal.index.nexus.NexusIndexManager.updateRemoteIndex(NexusIndexManager.java:1238) [org.eclipse.m2e.core_1.9.0.me201812050717.jar:na]
	at org.eclipse.m2e.core.internal.index.nexus.NexusIndexManager.updateIndex(NexusIndexManager.java:1193) [org.eclipse.m2e.core_1.9.0.me201812050717.jar:na]
	at org.eclipse.m2e.core.internal.index.nexus.NexusIndexManager$1.run(NexusIndexManager.java:703) [org.eclipse.m2e.core_1.9.0.me201812050717.jar:na]
	at org.eclipse.m2e.core.internal.index.nexus.IndexUpdaterJob.run(IndexUpdaterJob.java:72) [org.eclipse.m2e.core_1.9.0.me201812050717.jar:na]
	at org.eclipse.core.internal.jobs.Worker.run(Worker.java:60) [org.eclipse.core.jobs_3.10.0.v20180427-1454.jar:na]
